<?xml version="1.0" encoding="UTF-8"?>
<!-- Generated by org.testng.reporters.JUnitReportReporter -->
<testsuite hostname="Rubayet-SQA" failures="0" tests="1" name="testcase.MyFirstTestFW" time="3.500" errors="0" timestamp="2025-02-03T11:56:21 GMT+06:00" skipped="0">
  <testcase classname="testcase.MyFirstTestFW" name="LoginTest" time="3.500"/>
</testsuite> <!-- testcase.MyFirstTestFW -->
